07-12-2023 11:49:54.200 [main] INFO  o.s.t.c.s.AnnotationConfigContextLoaderUtils.detectDefaultConfigurationClasses - Could not detect default configuration classes for test class [com.example.demo.SpringWildFLy1ApplicationTests]: SpringWildFLy1ApplicationTests does not declare any static, non-private, non-final, nested classes annotated with @Configuration.
07-12-2023 11:49:54.372 [main] INFO  o.s.b.t.c.SpringBootTestContextBootstrapper.getOrFindConfigurationClasses - Found @SpringBootConfiguration com.example.demo.SpringWildFLy1Application for test class com.example.demo.SpringWildFLy1ApplicationTests
07-12-2023 11:49:55.118 [main] INFO  c.e.d.SpringWildFLy1ApplicationTests.logStarting - Starting SpringWildFLy1ApplicationTests using Java 17.0.7 with PID 9736 (started by vansh in C:\Users\vansh\Documents\workspace-spring-tool-suite-4-4.18.1.RELEASE\SpringWildFLy-1)
07-12-2023 11:49:55.123 [main] INFO  c.e.d.SpringWildFLy1ApplicationTests.logStartupProfileInfo - No active profile set, falling back to 1 default profile: "default"
07-12-2023 11:49:57.169 [main] INFO  c.e.d.SpringWildFLy1ApplicationTests.logStarted - Started SpringWildFLy1ApplicationTests in 2.506 seconds (process running for 4.764)
07-12-2023 17:37:33.384 [main] INFO  o.s.t.c.s.AnnotationConfigContextLoaderUtils.detectDefaultConfigurationClasses - Could not detect default configuration classes for test class [com.example.demo.SpringWildFLy1ApplicationTests]: SpringWildFLy1ApplicationTests does not declare any static, non-private, non-final, nested classes annotated with @Configuration.
07-12-2023 17:37:33.661 [main] INFO  o.s.b.t.c.SpringBootTestContextBootstrapper.getOrFindConfigurationClasses - Found @SpringBootConfiguration com.example.demo.SpringWildFLy1Application for test class com.example.demo.SpringWildFLy1ApplicationTests
07-12-2023 17:37:34.853 [main] INFO  c.e.d.SpringWildFLy1ApplicationTests.logStarting - Starting SpringWildFLy1ApplicationTests using Java 17.0.7 with PID 14940 (started by vansh in C:\Users\vansh\Documents\workspace-spring-tool-suite-4-4.18.1.RELEASE\SpringWildFLy-1)
07-12-2023 17:37:34.856 [main] INFO  c.e.d.SpringWildFLy1ApplicationTests.logStartupProfileInfo - No active profile set, falling back to 1 default profile: "default"
07-12-2023 17:37:37.325 [main] INFO  c.e.d.SpringWildFLy1ApplicationTests.logStarted - Started SpringWildFLy1ApplicationTests in 3.104 seconds (process running for 6.171)
07-12-2023 17:46:36.291 [main] INFO  o.s.t.c.s.AnnotationConfigContextLoaderUtils.detectDefaultConfigurationClasses - Could not detect default configuration classes for test class [com.example.demo.SpringWildFLy1ApplicationTests]: SpringWildFLy1ApplicationTests does not declare any static, non-private, non-final, nested classes annotated with @Configuration.
07-12-2023 17:46:36.545 [main] INFO  o.s.b.t.c.SpringBootTestContextBootstrapper.getOrFindConfigurationClasses - Found @SpringBootConfiguration com.example.demo.SpringWildFLy1Application for test class com.example.demo.SpringWildFLy1ApplicationTests
07-12-2023 17:46:37.299 [main] INFO  c.e.d.SpringWildFLy1ApplicationTests.logStarting - Starting SpringWildFLy1ApplicationTests using Java 17.0.7 with PID 2824 (started by vansh in C:\Users\vansh\Documents\workspace-spring-tool-suite-4-4.18.1.RELEASE\SpringWildFLy-1)
07-12-2023 17:46:37.302 [main] INFO  c.e.d.SpringWildFLy1ApplicationTests.logStartupProfileInfo - No active profile set, falling back to 1 default profile: "default"
07-12-2023 17:46:39.296 [main] INFO  c.e.d.SpringWildFLy1ApplicationTests.logStarted - Started SpringWildFLy1ApplicationTests in 2.383 seconds (process running for 4.381)
07-12-2023 17:52:06.526 [main] INFO  o.s.t.c.s.AnnotationConfigContextLoaderUtils.detectDefaultConfigurationClasses - Could not detect default configuration classes for test class [com.example.demo.SpringWildFLy1ApplicationTests]: SpringWildFLy1ApplicationTests does not declare any static, non-private, non-final, nested classes annotated with @Configuration.
07-12-2023 17:52:06.949 [main] INFO  o.s.b.t.c.SpringBootTestContextBootstrapper.getOrFindConfigurationClasses - Found @SpringBootConfiguration com.example.demo.SpringWildFLy1Application for test class com.example.demo.SpringWildFLy1ApplicationTests
07-12-2023 17:53:31.802 [main] INFO  o.s.t.c.s.AnnotationConfigContextLoaderUtils.detectDefaultConfigurationClasses - Could not detect default configuration classes for test class [com.example.demo.SpringWildFLy1ApplicationTests]: SpringWildFLy1ApplicationTests does not declare any static, non-private, non-final, nested classes annotated with @Configuration.
07-12-2023 17:53:32.011 [main] INFO  o.s.b.t.c.SpringBootTestContextBootstrapper.getOrFindConfigurationClasses - Found @SpringBootConfiguration com.example.demo.SpringWildFLy1Application for test class com.example.demo.SpringWildFLy1ApplicationTests
07-12-2023 17:53:33.137 [main] INFO  c.e.d.SpringWildFLy1ApplicationTests.logStarting - Starting SpringWildFLy1ApplicationTests using Java 17.0.7 with PID 11852 (started by vansh in C:\Users\vansh\Documents\workspace-spring-tool-suite-4-4.18.1.RELEASE\SpringWildFLy-1)
07-12-2023 17:53:33.139 [main] INFO  c.e.d.SpringWildFLy1ApplicationTests.logStartupProfileInfo - No active profile set, falling back to 1 default profile: "default"
07-12-2023 17:53:35.857 [main] INFO  c.e.d.SpringWildFLy1ApplicationTests.logStarted - Started SpringWildFLy1ApplicationTests in 3.488 seconds (process running for 5.607)
07-12-2023 17:58:09.249 [main] INFO  o.s.t.c.s.AnnotationConfigContextLoaderUtils.detectDefaultConfigurationClasses - Could not detect default configuration classes for test class [com.example.demo.SpringWildFLy1ApplicationTests]: SpringWildFLy1ApplicationTests does not declare any static, non-private, non-final, nested classes annotated with @Configuration.
07-12-2023 17:58:09.448 [main] INFO  o.s.b.t.c.SpringBootTestContextBootstrapper.getOrFindConfigurationClasses - Found @SpringBootConfiguration com.example.demo.SpringWildFLy1Application for test class com.example.demo.SpringWildFLy1ApplicationTests
07-12-2023 17:58:10.091 [main] INFO  c.e.d.SpringWildFLy1ApplicationTests.logStarting - Starting SpringWildFLy1ApplicationTests using Java 17.0.7 with PID 15984 (started by vansh in C:\Users\vansh\Documents\workspace-spring-tool-suite-4-4.18.1.RELEASE\SpringWildFLy-1)
07-12-2023 17:58:10.094 [main] INFO  c.e.d.SpringWildFLy1ApplicationTests.logStartupProfileInfo - No active profile set, falling back to 1 default profile: "default"
07-12-2023 17:58:11.999 [main] INFO  c.e.d.SpringWildFLy1ApplicationTests.logStarted - Started SpringWildFLy1ApplicationTests in 2.249 seconds (process running for 4.31)
07-12-2023 18:12:42.551 [main] INFO  o.s.t.c.s.AnnotationConfigContextLoaderUtils.detectDefaultConfigurationClasses - Could not detect default configuration classes for test class [com.example.demo.SpringWildFLy1ApplicationTests]: SpringWildFLy1ApplicationTests does not declare any static, non-private, non-final, nested classes annotated with @Configuration.
07-12-2023 18:12:42.789 [main] INFO  o.s.b.t.c.SpringBootTestContextBootstrapper.getOrFindConfigurationClasses - Found @SpringBootConfiguration com.example.demo.SpringWildFLy1Application for test class com.example.demo.SpringWildFLy1ApplicationTests
07-12-2023 18:12:43.499 [main] INFO  c.e.d.SpringWildFLy1ApplicationTests.logStarting - Starting SpringWildFLy1ApplicationTests using Java 17.0.7 with PID 14536 (started by vansh in C:\Users\vansh\Documents\workspace-spring-tool-suite-4-4.18.1.RELEASE\SpringWildFLy-1)
07-12-2023 18:12:43.502 [main] INFO  c.e.d.SpringWildFLy1ApplicationTests.logStartupProfileInfo - No active profile set, falling back to 1 default profile: "default"
07-12-2023 18:12:45.465 [main] INFO  c.e.d.SpringWildFLy1ApplicationTests.logStarted - Started SpringWildFLy1ApplicationTests in 2.358 seconds (process running for 4.33)
